Using pre-set license
Built from '2020.3/release' branch; Version is '2020.3.7f1 (dd97f2c94397) revision 14522354'; Using compiler version '192528614'; Build Type 'Release'
OS: 'Windows 10 Home; OS build 19042.1052; Version 2009; 64bit' Language: 'en' Physical Memory: 8034 MB
BatchMode: 1, IsHumanControllingUs: 0, StartBugReporterOnCrash: 0, Is64bit: 1, IsPro: 0

 COMMAND LINE ARGUMENTS:
C:\Program Files\Unity\Hub\Editor\2020.3.7f1\Editor\Unity.exe
-adb2
-batchMode
-noUpm
-name
AssetImportWorker0
-projectPath
C:/Users/oedsd/Documents/GitHub/Crisis-Shelter-Leek-Game/Crisis Shelter Leek Game
-logFile
Logs/AssetImportWorker0.log
-srvPort
56935
Successfully changed project path to: C:/Users/oedsd/Documents/GitHub/Crisis-Shelter-Leek-Game/Crisis Shelter Leek Game
C:/Users/oedsd/Documents/GitHub/Crisis-Shelter-Leek-Game/Crisis Shelter Leek Game
Using Asset Import Pipeline V2.
Refreshing native plugins compatible for Editor in 35.42 ms, found 0 plugins.
Preloading 0 native plugins for Editor in 0.00 ms.
Initialize engine version: 2020.3.7f1 (dd97f2c94397)
[Subsystems] Discovering subsystems at path C:/Program Files/Unity/Hub/Editor/2020.3.7f1/Editor/Data/Resources/UnitySubsystems
[Subsystems] Discovering subsystems at path C:/Users/oedsd/Documents/GitHub/Crisis-Shelter-Leek-Game/Crisis Shelter Leek Game/Assets
GfxDevice: creating device client; threaded=0
Direct3D:
    Version:  Direct3D 11.0 [level 11.1]
    Renderer: NVIDIA GeForce GTX 1050 (ID=0x1c8d)
    Vendor:   
    VRAM:     4019 MB
    Driver:   27.21.14.6647
Initialize mono
Mono path[0] = 'C:/Program Files/Unity/Hub/Editor/2020.3.7f1/Editor/Data/Managed'
Mono path[1] = 'C:/Program Files/Unity/Hub/Editor/2020.3.7f1/Editor/Data/MonoBleedingEdge/lib/mono/unityjit'
Mono config path = 'C:/Program Files/Unity/Hub/Editor/2020.3.7f1/Editor/Data/MonoBleedingEdge/etc'
Using monoOptions --debugger-agent=transport=dt_socket,embedding=1,server=y,suspend=n,address=127.0.0.1:56988
Begin MonoManager ReloadAssembly
Registering precompiled unity dll's ...
Register platform support module: C:/Program Files/Unity/Hub/Editor/2020.3.7f1/Editor/Data/PlaybackEngines/WindowsStandaloneSupport/UnityEditor.WindowsStandalone.Extensions.dll
Registered in 0.001851 seconds.
Native extension for WindowsStandalone target not found
Refreshing native plugins compatible for Editor in 30.29 ms, found 0 plugins.
Preloading 0 native plugins for Editor in 0.00 ms.
Mono: successfully reloaded assembly
- Completed reload, in  0.906 seconds
Platform modules already initialized, skipping
Registering precompiled user dll's ...
Registered in 0.000721 seconds.
Begin MonoManager ReloadAssembly
Native extension for WindowsStandalone target not found
Refreshing native plugins compatible for Editor in 0.29 ms, found 0 plugins.
Preloading 0 native plugins for Editor in 0.00 ms.
Mono: successfully reloaded assembly
- Completed reload, in  0.745 seconds
Platform modules already initialized, skipping
========================================================================
Worker process is ready to serve import requests
Launched and connected shader compiler UnityShaderCompiler.exe after 0.05 seconds
Refreshing native plugins compatible for Editor in 0.38 ms, found 0 plugins.
Preloading 0 native plugins for Editor in 0.00 ms.
Unloading 1361 Unused Serialized files (Serialized files now loaded: 0)
System memory in use before: 73.5 MB.
System memory in use after: 73.6 MB.

Unloading 9 unused Assets to reduce memory usage. Loaded Objects now: 1810.
Total: 1.674800 ms (FindLiveObjects: 0.175300 ms CreateObjectMapping: 0.050300 ms MarkObjects: 1.392300 ms  DeleteObjects: 0.055900 ms)

========================================================================
Received Import Request.
  path: Assets/Scenes/Main/Menu.unity
  artifactKey: Guid(7dc20add8a765b74f81ae6f021fc574c) Importer(815301076,1909f56bfc062723c751e8b465ee728b)
Start importing Assets/Scenes/Main/Menu.unity using Guid(7dc20add8a765b74f81ae6f021fc574c) Importer(815301076,1909f56bfc062723c751e8b465ee728b)  -> (artifact id: 'd5d8263cd81500ec162125b7c66dc1bc') in 0.014464 seconds
  Import took 0.016800 seconds .

========================================================================
Received Prepare
Registering precompiled user dll's ...
Registered in 0.001633 seconds.
Begin MonoManager ReloadAssembly
Native extension for WindowsStandalone target not found
Refreshing native plugins compatible for Editor in 0.79 ms, found 0 plugins.
Preloading 0 native plugins for Editor in 0.00 ms.
Mono: successfully reloaded assembly
- Completed reload, in  1.190 seconds
Platform modules already initialized, skipping
Refreshing native plugins compatible for Editor in 0.61 ms, found 0 plugins.
Preloading 0 native plugins for Editor in 0.00 ms.
Unloading 1314 Unused Serialized files (Serialized files now loaded: 0)
System memory in use before: 69.4 MB.
System memory in use after: 69.5 MB.

Unloading 4 unused Assets to reduce memory usage. Loaded Objects now: 1813.
Total: 3.253700 ms (FindLiveObjects: 0.570400 ms CreateObjectMapping: 0.112300 ms MarkObjects: 2.540600 ms  DeleteObjects: 0.027200 ms)

========================================================================
Received Import Request.
  Time since last request: 395.210116 seconds.
  path: Assets/Scriptable Objects/Player tasks
  artifactKey: Guid(ce3f1c8d59d33574ab587a72612f2bfd) Importer(815301076,1909f56bfc062723c751e8b465ee728b)
Start importing Assets/Scriptable Objects/Player tasks using Guid(ce3f1c8d59d33574ab587a72612f2bfd) Importer(815301076,1909f56bfc062723c751e8b465ee728b)  -> (artifact id: 'd43fe8be2b4abc6c9d748053d4dcc231') in 0.011416 seconds
  Import took 0.014387 seconds .

========================================================================
Received Import Request.
  Time since last request: 0.001911 seconds.
  path: Assets/Scriptable Objects/Player tasks
  artifactKey: Guid(ce3f1c8d59d33574ab587a72612f2bfd) Importer(815301076,1909f56bfc062723c751e8b465ee728b)
Start importing Assets/Scriptable Objects/Player tasks using Guid(ce3f1c8d59d33574ab587a72612f2bfd) Importer(815301076,1909f56bfc062723c751e8b465ee728b)  -> (artifact id: 'd43fe8be2b4abc6c9d748053d4dcc231') in 0.004193 seconds
  Import took 0.007302 seconds .

========================================================================
Received Import Request.
  Time since last request: 0.792309 seconds.
  path: Assets/Scriptable Objects/Text Arrays
  artifactKey: Guid(0a9dbdc3c6f044d43946c31cab7d8f9e) Importer(815301076,1909f56bfc062723c751e8b465ee728b)
Start importing Assets/Scriptable Objects/Text Arrays using Guid(0a9dbdc3c6f044d43946c31cab7d8f9e) Importer(815301076,1909f56bfc062723c751e8b465ee728b)  -> (artifact id: 'a41c4cf5b90e6288b1a88805b67eb8dc') in 0.008936 seconds
  Import took 0.014275 seconds .

========================================================================
Received Import Request.
  Time since last request: 1.144836 seconds.
  path: Assets/Scriptable Objects/Text Arrays/3-3 to 7-1 After Weekend.asset
  artifactKey: Guid(849521679472dec4c912de9ee92df6e3) Importer(815301076,1909f56bfc062723c751e8b465ee728b)
Start importing Assets/Scriptable Objects/Text Arrays/3-3 to 7-1 After Weekend.asset using Guid(849521679472dec4c912de9ee92df6e3) Importer(815301076,1909f56bfc062723c751e8b465ee728b)  -> (artifact id: 'a742778952eb94c1873fc9f3f98bb123') in 0.035949 seconds
  Import took 0.038464 seconds .

========================================================================
Received Import Request.
  Time since last request: 43.454117 seconds.
  path: Assets/Scriptable Objects/Text Arrays/3-3 to 7-1 After Weekend.asset
  artifactKey: Guid(849521679472dec4c912de9ee92df6e3) Importer(815301076,1909f56bfc062723c751e8b465ee728b)
Start importing Assets/Scriptable Objects/Text Arrays/3-3 to 7-1 After Weekend.asset using Guid(849521679472dec4c912de9ee92df6e3) Importer(815301076,1909f56bfc062723c751e8b465ee728b)  -> (artifact id: '7a73ef58a85e3522f068605fc800175d') in 0.003428 seconds
  Import took 0.005949 seconds .

========================================================================
Received Import Request.
  Time since last request: 38.355544 seconds.
  path: Assets/NotAnEasterEgg.cs
  artifactKey: Guid(5a07c5a6ff7f21740801b4fabdf0feb4) Importer(815301076,1909f56bfc062723c751e8b465ee728b)
Start importing Assets/NotAnEasterEgg.cs using Guid(5a07c5a6ff7f21740801b4fabdf0feb4) Importer(815301076,1909f56bfc062723c751e8b465ee728b)  -> (artifact id: '3023c9b30a42dea9c667adf5185e7ffd') in 0.095824 seconds
  Import took 0.098323 seconds .

========================================================================
Received Import Request.
  Time since last request: 3.114192 seconds.
  path: Assets/Scripts
  artifactKey: Guid(8a46bad77221af54c9d8801135b2ee47) Importer(815301076,1909f56bfc062723c751e8b465ee728b)
Start importing Assets/Scripts using Guid(8a46bad77221af54c9d8801135b2ee47) Importer(815301076,1909f56bfc062723c751e8b465ee728b)  -> (artifact id: 'a92fbad6900f4340c19ad96285d34eed') in 0.007730 seconds
  Import took 0.010728 seconds .

========================================================================
Received Prepare
Registering precompiled user dll's ...
Registered in 0.000884 seconds.
Begin MonoManager ReloadAssembly
Native extension for WindowsStandalone target not found
Refreshing native plugins compatible for Editor in 0.32 ms, found 0 plugins.
Preloading 0 native plugins for Editor in 0.00 ms.
Mono: successfully reloaded assembly
- Completed reload, in  1.718 seconds
Platform modules already initialized, skipping
Refreshing native plugins compatible for Editor in 0.37 ms, found 0 plugins.
Preloading 0 native plugins for Editor in 0.00 ms.
Unloading 1314 Unused Serialized files (Serialized files now loaded: 0)
System memory in use before: 69.4 MB.
System memory in use after: 69.5 MB.

Unloading 4 unused Assets to reduce memory usage. Loaded Objects now: 1816.
Total: 2.457800 ms (FindLiveObjects: 0.273700 ms CreateObjectMapping: 0.123500 ms MarkObjects: 2.040900 ms  DeleteObjects: 0.017900 ms)

========================================================================
Received Prepare
Registering precompiled user dll's ...
Registered in 0.000699 seconds.
Begin MonoManager ReloadAssembly
Native extension for WindowsStandalone target not found
Refreshing native plugins compatible for Editor in 0.30 ms, found 0 plugins.
Preloading 0 native plugins for Editor in 0.00 ms.
Mono: successfully reloaded assembly
- Completed reload, in  0.746 seconds
Platform modules already initialized, skipping
Refreshing native plugins compatible for Editor in 0.29 ms, found 0 plugins.
Preloading 0 native plugins for Editor in 0.00 ms.
Unloading 1314 Unused Serialized files (Serialized files now loaded: 0)
System memory in use before: 69.4 MB.
System memory in use after: 69.5 MB.

Unloading 4 unused Assets to reduce memory usage. Loaded Objects now: 1819.
Total: 2.400500 ms (FindLiveObjects: 0.399500 ms CreateObjectMapping: 0.059300 ms MarkObjects: 1.922000 ms  DeleteObjects: 0.017200 ms)

========================================================================
Received Prepare
Registering precompiled user dll's ...
Registered in 0.000686 seconds.
Begin MonoManager ReloadAssembly
Native extension for WindowsStandalone target not found
Refreshing native plugins compatible for Editor in 0.30 ms, found 0 plugins.
Preloading 0 native plugins for Editor in 0.00 ms.
Mono: successfully reloaded assembly
- Completed reload, in  0.752 seconds
Platform modules already initialized, skipping
Refreshing native plugins compatible for Editor in 0.32 ms, found 0 plugins.
Preloading 0 native plugins for Editor in 0.00 ms.
Unloading 1314 Unused Serialized files (Serialized files now loaded: 0)
System memory in use before: 69.4 MB.
System memory in use after: 69.5 MB.

Unloading 4 unused Assets to reduce memory usage. Loaded Objects now: 1822.
Total: 4.402700 ms (FindLiveObjects: 0.313000 ms CreateObjectMapping: 0.113800 ms MarkObjects: 3.946300 ms  DeleteObjects: 0.027400 ms)

