Using pre-set license
Built from '2020.3/release' branch; Version is '2020.3.7f1 (dd97f2c94397) revision 14522354'; Using compiler version '192528614'; Build Type 'Release'
OS: 'Windows 10 Home; OS build 19042.1052; Version 2009; 64bit' Language: 'en' Physical Memory: 8034 MB
BatchMode: 1, IsHumanControllingUs: 0, StartBugReporterOnCrash: 0, Is64bit: 1, IsPro: 0

 COMMAND LINE ARGUMENTS:
C:\Program Files\Unity\Hub\Editor\2020.3.7f1\Editor\Unity.exe
-adb2
-batchMode
-noUpm
-name
AssetImportWorker0
-projectPath
C:/Users/oedsd/Documents/GitHub/Crisis-Shelter-Leek-Game/Crisis Shelter Leek Game
-logFile
Logs/AssetImportWorker0.log
-srvPort
64849
Successfully changed project path to: C:/Users/oedsd/Documents/GitHub/Crisis-Shelter-Leek-Game/Crisis Shelter Leek Game
C:/Users/oedsd/Documents/GitHub/Crisis-Shelter-Leek-Game/Crisis Shelter Leek Game
Using Asset Import Pipeline V2.
Refreshing native plugins compatible for Editor in 31.76 ms, found 0 plugins.
Preloading 0 native plugins for Editor in 0.00 ms.
Initialize engine version: 2020.3.7f1 (dd97f2c94397)
[Subsystems] Discovering subsystems at path C:/Program Files/Unity/Hub/Editor/2020.3.7f1/Editor/Data/Resources/UnitySubsystems
[Subsystems] Discovering subsystems at path C:/Users/oedsd/Documents/GitHub/Crisis-Shelter-Leek-Game/Crisis Shelter Leek Game/Assets
GfxDevice: creating device client; threaded=0
Direct3D:
    Version:  Direct3D 11.0 [level 11.1]
    Renderer: NVIDIA GeForce GTX 1050 (ID=0x1c8d)
    Vendor:   
    VRAM:     4019 MB
    Driver:   27.21.14.6647
Initialize mono
Mono path[0] = 'C:/Program Files/Unity/Hub/Editor/2020.3.7f1/Editor/Data/Managed'
Mono path[1] = 'C:/Program Files/Unity/Hub/Editor/2020.3.7f1/Editor/Data/MonoBleedingEdge/lib/mono/unityjit'
Mono config path = 'C:/Program Files/Unity/Hub/Editor/2020.3.7f1/Editor/Data/MonoBleedingEdge/etc'
Using monoOptions --debugger-agent=transport=dt_socket,embedding=1,server=y,suspend=n,address=127.0.0.1:56224
Begin MonoManager ReloadAssembly
Registering precompiled unity dll's ...
Register platform support module: C:/Program Files/Unity/Hub/Editor/2020.3.7f1/Editor/Data/PlaybackEngines/WindowsStandaloneSupport/UnityEditor.WindowsStandalone.Extensions.dll
Registered in 0.003113 seconds.
Native extension for WindowsStandalone target not found
Refreshing native plugins compatible for Editor in 28.47 ms, found 0 plugins.
Preloading 0 native plugins for Editor in 0.00 ms.
Mono: successfully reloaded assembly
- Completed reload, in  1.522 seconds
Platform modules already initialized, skipping
Registering precompiled user dll's ...
Registered in 0.001423 seconds.
Begin MonoManager ReloadAssembly
OnLevelWasLoaded was found on Spawn
This message has been deprecated and will be removed in a later version of Unity.
Add a delegate to SceneManager.sceneLoaded instead to get notifications after scene loading has completed

Native extension for WindowsStandalone target not found
Refreshing native plugins compatible for Editor in 0.29 ms, found 0 plugins.
Preloading 0 native plugins for Editor in 0.00 ms.
Mono: successfully reloaded assembly
- Completed reload, in  0.826 seconds
Platform modules already initialized, skipping
========================================================================
Worker process is ready to serve import requests
Launched and connected shader compiler UnityShaderCompiler.exe after 0.06 seconds
Refreshing native plugins compatible for Editor in 0.67 ms, found 0 plugins.
Preloading 0 native plugins for Editor in 0.00 ms.
Unloading 1361 Unused Serialized files (Serialized files now loaded: 0)
System memory in use before: 73.0 MB.
System memory in use after: 73.1 MB.

Unloading 9 unused Assets to reduce memory usage. Loaded Objects now: 1810.
Total: 2.581600 ms (FindLiveObjects: 0.548900 ms CreateObjectMapping: 0.182300 ms MarkObjects: 1.772100 ms  DeleteObjects: 0.075400 ms)

========================================================================
Received Import Request.
  path: Assets/Prefabs/Dialogues/Chapter 1/Dialogue Municipality/Day 3 Municipality 1 II (How long will).prefab
  artifactKey: Guid(34fd132157649da49942693c98cdc14c) Importer(815301076,1909f56bfc062723c751e8b465ee728b)
Start importing Assets/Prefabs/Dialogues/Chapter 1/Dialogue Municipality/Day 3 Municipality 1 II (How long will).prefab using Guid(34fd132157649da49942693c98cdc14c) Importer(815301076,1909f56bfc062723c751e8b465ee728b)  -> (artifact id: '530a7dc6ab21cd0fa8ddb8117e7028b1') in 0.051481 seconds
  Import took 0.054541 seconds .

========================================================================
Received Import Request.
  Time since last request: 84.595031 seconds.
  path: Assets/Prefabs/Dialogues/Chapter 1/Dialogue Municipality/Day 3 Municipality 1 II (How long will).prefab
  artifactKey: Guid(34fd132157649da49942693c98cdc14c) Importer(815301076,1909f56bfc062723c751e8b465ee728b)
Start importing Assets/Prefabs/Dialogues/Chapter 1/Dialogue Municipality/Day 3 Municipality 1 II (How long will).prefab using Guid(34fd132157649da49942693c98cdc14c) Importer(815301076,1909f56bfc062723c751e8b465ee728b)  -> (artifact id: '383f2c6dda75dad792daa01d1da682ec') in 0.007998 seconds
  Import took 0.010833 seconds .

========================================================================
Received Import Request.
  Time since last request: 3.093362 seconds.
  path: Assets/Prefabs/Dialogues/Chapter 1/Dialogue Municipality/Day 3 Municipality 1 II (Can't we just)).prefab
  artifactKey: Guid(43256aa41f8f7c844ae664b7fdf4904d) Importer(815301076,1909f56bfc062723c751e8b465ee728b)
Start importing Assets/Prefabs/Dialogues/Chapter 1/Dialogue Municipality/Day 3 Municipality 1 II (Can't we just)).prefab using Guid(43256aa41f8f7c844ae664b7fdf4904d) Importer(815301076,1909f56bfc062723c751e8b465ee728b)  -> (artifact id: '0acded30e3d70ae403980c311dde3986') in 0.008992 seconds
  Import took 0.011631 seconds .

========================================================================
Received Import Request.
  Time since last request: 99.233226 seconds.
  path: Assets/Prefabs/Dialogues/Chapter 1/Dialogue Municipality/Day 2 Municipality 1 I.prefab
  artifactKey: Guid(f5d12d08f40a97f4085185d2bb1c54ab) Importer(815301076,1909f56bfc062723c751e8b465ee728b)
Start importing Assets/Prefabs/Dialogues/Chapter 1/Dialogue Municipality/Day 2 Municipality 1 I.prefab using Guid(f5d12d08f40a97f4085185d2bb1c54ab) Importer(815301076,1909f56bfc062723c751e8b465ee728b)  -> (artifact id: 'b6d92627eff046753013e295fecf1820') in 0.013856 seconds
  Import took 0.017400 seconds .

========================================================================
Received Import Request.
  Time since last request: 3.507609 seconds.
  path: Assets/Prefabs/Dialogues/Chapter 1/Dialogue Municipality/Day 2 Municipality 1 I.prefab
  artifactKey: Guid(f5d12d08f40a97f4085185d2bb1c54ab) Importer(815301076,1909f56bfc062723c751e8b465ee728b)
Start importing Assets/Prefabs/Dialogues/Chapter 1/Dialogue Municipality/Day 2 Municipality 1 I.prefab using Guid(f5d12d08f40a97f4085185d2bb1c54ab) Importer(815301076,1909f56bfc062723c751e8b465ee728b)  -> (artifact id: 'eb86c7e8ac5becaa15258e948f6e2e1a') in 0.010725 seconds
  Import took 0.014406 seconds .

========================================================================
Received Import Request.
  Time since last request: 3.759384 seconds.
  path: Assets/Prefabs/Dialogues/Chapter 1/Dialogue Municipality/Day 2 Municipality 1 II (Is it possible).prefab
  artifactKey: Guid(ec27fd9e5b501594e9acb576ac037c72) Importer(815301076,1909f56bfc062723c751e8b465ee728b)
Start importing Assets/Prefabs/Dialogues/Chapter 1/Dialogue Municipality/Day 2 Municipality 1 II (Is it possible).prefab using Guid(ec27fd9e5b501594e9acb576ac037c72) Importer(815301076,1909f56bfc062723c751e8b465ee728b)  -> (artifact id: '04406cb04274bcee06a1fc07711752cf') in 0.013471 seconds
  Import took 0.016678 seconds .

========================================================================
Received Import Request.
  Time since last request: 2.276586 seconds.
  path: Assets/Prefabs/Dialogues/Chapter 1/Dialogue Municipality/Day 2 Municipality 1 II (Is it possible).prefab
  artifactKey: Guid(ec27fd9e5b501594e9acb576ac037c72) Importer(815301076,1909f56bfc062723c751e8b465ee728b)
Start importing Assets/Prefabs/Dialogues/Chapter 1/Dialogue Municipality/Day 2 Municipality 1 II (Is it possible).prefab using Guid(ec27fd9e5b501594e9acb576ac037c72) Importer(815301076,1909f56bfc062723c751e8b465ee728b)  -> (artifact id: 'c663159d6d0c1b734d842350dd0875c6') in 0.010815 seconds
  Import took 0.014028 seconds .

========================================================================
Received Import Request.
  Time since last request: 0.889673 seconds.
  path: Assets/Prefabs/Dialogues/Chapter 1/Dialogue Municipality/Day 2 Municipality 1 III (What if I).prefab
  artifactKey: Guid(144170c080343874195b8449f8547037) Importer(815301076,1909f56bfc062723c751e8b465ee728b)
Start importing Assets/Prefabs/Dialogues/Chapter 1/Dialogue Municipality/Day 2 Municipality 1 III (What if I).prefab using Guid(144170c080343874195b8449f8547037) Importer(815301076,1909f56bfc062723c751e8b465ee728b)  -> (artifact id: '89dbc9e89b0b1bc8dd1a59bd16157be2') in 0.011739 seconds
  Import took 0.014896 seconds .

========================================================================
Received Import Request.
  Time since last request: 2.286785 seconds.
  path: Assets/Prefabs/Dialogues/Chapter 1/Dialogue Municipality/Day 2 Municipality 1 III (What if I).prefab
  artifactKey: Guid(144170c080343874195b8449f8547037) Importer(815301076,1909f56bfc062723c751e8b465ee728b)
Start importing Assets/Prefabs/Dialogues/Chapter 1/Dialogue Municipality/Day 2 Municipality 1 III (What if I).prefab using Guid(144170c080343874195b8449f8547037) Importer(815301076,1909f56bfc062723c751e8b465ee728b)  -> (artifact id: 'a30a094763ea3bc8e59ca9046407e382') in 0.008080 seconds
  Import took 0.011231 seconds .

========================================================================
Received Import Request.
  Time since last request: 1.103961 seconds.
  path: Assets/Prefabs/Dialogues/Chapter 1/Dialogue Municipality/Day 2 Municipality 1 IV (So I essentially).prefab
  artifactKey: Guid(eb61da910c908724680b6090e1ac3f63) Importer(815301076,1909f56bfc062723c751e8b465ee728b)
Start importing Assets/Prefabs/Dialogues/Chapter 1/Dialogue Municipality/Day 2 Municipality 1 IV (So I essentially).prefab using Guid(eb61da910c908724680b6090e1ac3f63) Importer(815301076,1909f56bfc062723c751e8b465ee728b)  -> (artifact id: 'fcaca47ef51345a1b4aea9ea046bcf89') in 0.016189 seconds
  Import took 0.019755 seconds .

========================================================================
Received Import Request.
  Time since last request: 1.479920 seconds.
  path: Assets/Prefabs/Dialogues/Chapter 1/Dialogue Municipality/Day 2 Municipality 1 IV (So I essentially).prefab
  artifactKey: Guid(eb61da910c908724680b6090e1ac3f63) Importer(815301076,1909f56bfc062723c751e8b465ee728b)
Start importing Assets/Prefabs/Dialogues/Chapter 1/Dialogue Municipality/Day 2 Municipality 1 IV (So I essentially).prefab using Guid(eb61da910c908724680b6090e1ac3f63) Importer(815301076,1909f56bfc062723c751e8b465ee728b)  -> (artifact id: 'c83ade9e6bb89a8b8d3d9959891c9354') in 0.003813 seconds
  Import took 0.006426 seconds .

========================================================================
Received Import Request.
  Time since last request: 1.036341 seconds.
  path: Assets/Prefabs/Dialogues/Chapter 1/Dialogue Municipality/Day 2 Schedule appointment 2.prefab
  artifactKey: Guid(16988699be3000b4a8b8ca553796fd4a) Importer(815301076,1909f56bfc062723c751e8b465ee728b)
Start importing Assets/Prefabs/Dialogues/Chapter 1/Dialogue Municipality/Day 2 Schedule appointment 2.prefab using Guid(16988699be3000b4a8b8ca553796fd4a) Importer(815301076,1909f56bfc062723c751e8b465ee728b)  -> (artifact id: '483be4d64e28647d55cb3e7ced5540c8') in 0.008675 seconds
  Import took 0.011373 seconds .

========================================================================
Received Import Request.
  Time since last request: 239.536595 seconds.
  path: Assets/Scriptable Objects/Player tasks/Task Journey.asset
  artifactKey: Guid(ff2b97074cb37b440b72ef51451e21c9) Importer(815301076,1909f56bfc062723c751e8b465ee728b)
Start importing Assets/Scriptable Objects/Player tasks/Task Journey.asset using Guid(ff2b97074cb37b440b72ef51451e21c9) Importer(815301076,1909f56bfc062723c751e8b465ee728b)  -> (artifact id: '7898989f4113cd7d7854cae037b5a924') in 0.011945 seconds
  Import took 0.014762 seconds .

AssetImportWorkerClient::OnTransportError - code=2 error=End of file
